CRITICAL - 2021-02-21 19:04:35 --> Use of undefined constant user - assumed 'user' (this will throw an Error in a future version of PHP)
#0 F:\xampp\htdocs\project_bps\app\Views\user\v_myprofile.php(58): CodeIgniter\Debug\Exceptions->errorHandler(2, 'Use of undefine...', 'F:\\xampp\\htdocs...', 58, Array)
#1 F:\xampp\htdocs\project_bps\vendor\codeigniter4\framework\system\View\View.php(220): include('F:\\xampp\\htdocs...')
#2 F:\xampp\htdocs\project_bps\vendor\codeigniter4\framework\system\View\View.php(222): CodeIgniter\View\View->CodeIgniter\View\{closure}()
#3 F:\xampp\htdocs\project_bps\vendor\codeigniter4\framework\system\Common.php(1217): CodeIgniter\View\View->render('user/v_myprofil...', Array, true)
#4 F:\xampp\htdocs\project_bps\app\Views\layout\v_content.php(3): view('user/v_myprofil...')
#5 F:\xampp\htdocs\project_bps\vendor\codeigniter4\framework\system\View\View.php(220): include('F:\\xampp\\htdocs...')
#6 F:\xampp\htdocs\project_bps\vendor\codeigniter4\framework\system\View\View.php(222): CodeIgniter\View\View->CodeIgniter\View\{closure}()
#7 F:\xampp\htdocs\project_bps\vendor\codeigniter4\framework\system\Common.php(1217): CodeIgniter\View\View->render('layout/v_conten...', Array, true)
#8 F:\xampp\htdocs\project_bps\app\Views\layout\v_wrapper.php(5): view('layout/v_conten...')
#9 F:\xampp\htdocs\project_bps\vendor\codeigniter4\framework\system\View\View.php(220): include('F:\\xampp\\htdocs...')
#10 F:\xampp\htdocs\project_bps\vendor\codeigniter4\framework\system\View\View.php(222): CodeIgniter\View\View->CodeIgniter\View\{closure}()
#11 F:\xampp\htdocs\project_bps\vendor\codeigniter4\framework\system\Common.php(1217): CodeIgniter\View\View->render('layout/v_wrappe...', Array, true)
#12 F:\xampp\htdocs\project_bps\app\Controllers\Profile.php(21): view('layout/v_wrappe...', Array)
#13 F:\xampp\htdocs\project_bps\vendor\codeigniter4\framework\system\CodeIgniter.php(936): App\Controllers\Profile->index()
#14 F:\xampp\htdocs\project_bps\vendor\codeigniter4\framework\system\CodeIgniter.php(432): CodeIgniter\CodeIgniter->runController(Object(App\Controllers\Profile))
#15 F:\xampp\htdocs\project_bps\vendor\codeigniter4\framework\system\CodeIgniter.php(333): CodeIgniter\CodeIgniter->handleRequest(NULL, Object(Config\Cache), false)
#16 F:\xampp\htdocs\project_bps\public\index.php(44): CodeIgniter\CodeIgniter->run()
#17 F:\xampp\htdocs\project_bps\vendor\codeigniter4\framework\system\Commands\Server\rewrite.php(45): require_once('F:\\xampp\\htdocs...')
#18 {main}
