CRITICAL - 2021-02-18 22:37:00 --> Could not move file php2502.tmp to file_dokumen/ ()
#0 F:\xampp\htdocs\project_bps\vendor\codeigniter4\framework\system\HTTP\Files\UploadedFile.php(157): CodeIgniter\HTTP\Exceptions\HTTPException::forMoveFailed('php2502.tmp', 'file_dokumen/', '')
#1 F:\xampp\htdocs\project_bps\app\Controllers\Dokumen.php(109): CodeIgniter\HTTP\Files\UploadedFile->move('file_dokumen/', 'F:\\xampp\\tmp\\ph...')
#2 F:\xampp\htdocs\project_bps\vendor\codeigniter4\framework\system\CodeIgniter.php(936): App\Controllers\Dokumen->insert()
#3 F:\xampp\htdocs\project_bps\vendor\codeigniter4\framework\system\CodeIgniter.php(432): CodeIgniter\CodeIgniter->runController(Object(App\Controllers\Dokumen))
#4 F:\xampp\htdocs\project_bps\vendor\codeigniter4\framework\system\CodeIgniter.php(333): CodeIgniter\CodeIgniter->handleRequest(NULL, Object(Config\Cache), false)
#5 F:\xampp\htdocs\project_bps\public\index.php(44): CodeIgniter\CodeIgniter->run()
#6 F:\xampp\htdocs\project_bps\vendor\codeigniter4\framework\system\Commands\Server\rewrite.php(45): require_once('F:\\xampp\\htdocs...')
#7 {main}
CRITICAL - 2021-02-18 22:53:10 --> Call to undefined method CodeIgniter\HTTP\Files\UploadedFile::random_string()
#0 F:\xampp\htdocs\project_bps\vendor\codeigniter4\framework\system\CodeIgniter.php(936): App\Controllers\Dokumen->insert()
#1 F:\xampp\htdocs\project_bps\vendor\codeigniter4\framework\system\CodeIgniter.php(432): CodeIgniter\CodeIgniter->runController(Object(App\Controllers\Dokumen))
#2 F:\xampp\htdocs\project_bps\vendor\codeigniter4\framework\system\CodeIgniter.php(333): CodeIgniter\CodeIgniter->handleRequest(NULL, Object(Config\Cache), false)
#3 F:\xampp\htdocs\project_bps\public\index.php(44): CodeIgniter\CodeIgniter->run()
#4 F:\xampp\htdocs\project_bps\vendor\codeigniter4\framework\system\Commands\Server\rewrite.php(45): require_once('F:\\xampp\\htdocs...')
#5 {main}
CRITICAL - 2021-02-18 23:02:14 --> Argument 3 passed to increment_string() must be of the type int, string given, called in F:\xampp\htdocs\project_bps\app\Controllers\Dokumen.php on line 96
#0 F:\xampp\htdocs\project_bps\app\Controllers\Dokumen.php(96): increment_string('[', '1', '] ', 'Proposal Rencan...')
#1 F:\xampp\htdocs\project_bps\vendor\codeigniter4\framework\system\CodeIgniter.php(936): App\Controllers\Dokumen->insert()
#2 F:\xampp\htdocs\project_bps\vendor\codeigniter4\framework\system\CodeIgniter.php(432): CodeIgniter\CodeIgniter->runController(Object(App\Controllers\Dokumen))
#3 F:\xampp\htdocs\project_bps\vendor\codeigniter4\framework\system\CodeIgniter.php(333): CodeIgniter\CodeIgniter->handleRequest(NULL, Object(Config\Cache), false)
#4 F:\xampp\htdocs\project_bps\public\index.php(44): CodeIgniter\CodeIgniter->run()
#5 F:\xampp\htdocs\project_bps\vendor\codeigniter4\framework\system\Commands\Server\rewrite.php(45): require_once('F:\\xampp\\htdocs...')
#6 {main}
