CRITICAL - 2021-02-16 00:27:36 --> Undefined variable: total_dep
#0 F:\xampp\htdocs\project_bps\app\Views\v_home.php(35): CodeIgniter\Debug\Exceptions->errorHandler(8, 'Undefined varia...', 'F:\\xampp\\htdocs...', 35, Array)
#1 F:\xampp\htdocs\project_bps\vendor\codeigniter4\framework\system\View\View.php(220): include('F:\\xampp\\htdocs...')
#2 F:\xampp\htdocs\project_bps\vendor\codeigniter4\framework\system\View\View.php(222): CodeIgniter\View\View->CodeIgniter\View\{closure}()
#3 F:\xampp\htdocs\project_bps\vendor\codeigniter4\framework\system\Common.php(1217): CodeIgniter\View\View->render('v_home', Array, true)
#4 F:\xampp\htdocs\project_bps\app\Views\layout\v_content.php(3): view('v_home')
#5 F:\xampp\htdocs\project_bps\vendor\codeigniter4\framework\system\View\View.php(220): include('F:\\xampp\\htdocs...')
#6 F:\xampp\htdocs\project_bps\vendor\codeigniter4\framework\system\View\View.php(222): CodeIgniter\View\View->CodeIgniter\View\{closure}()
#7 F:\xampp\htdocs\project_bps\vendor\codeigniter4\framework\system\Common.php(1217): CodeIgniter\View\View->render('layout/v_conten...', Array, true)
#8 F:\xampp\htdocs\project_bps\app\Views\layout\v_wrapper.php(5): view('layout/v_conten...')
#9 F:\xampp\htdocs\project_bps\vendor\codeigniter4\framework\system\View\View.php(220): include('F:\\xampp\\htdocs...')
#10 F:\xampp\htdocs\project_bps\vendor\codeigniter4\framework\system\View\View.php(222): CodeIgniter\View\View->CodeIgniter\View\{closure}()
#11 F:\xampp\htdocs\project_bps\vendor\codeigniter4\framework\system\Common.php(1217): CodeIgniter\View\View->render('layout/v_wrappe...', Array, true)
#12 F:\xampp\htdocs\project_bps\app\Controllers\Home.php(18): view('layout/v_wrappe...', Array)
#13 F:\xampp\htdocs\project_bps\vendor\codeigniter4\framework\system\CodeIgniter.php(936): App\Controllers\Home->index()
#14 F:\xampp\htdocs\project_bps\vendor\codeigniter4\framework\system\CodeIgniter.php(432): CodeIgniter\CodeIgniter->runController(Object(App\Controllers\Home))
#15 F:\xampp\htdocs\project_bps\vendor\codeigniter4\framework\system\CodeIgniter.php(333): CodeIgniter\CodeIgniter->handleRequest(NULL, Object(Config\Cache), false)
#16 F:\xampp\htdocs\project_bps\public\index.php(44): CodeIgniter\CodeIgniter->run()
#17 F:\xampp\htdocs\project_bps\vendor\codeigniter4\framework\system\Commands\Server\rewrite.php(45): require_once('F:\\xampp\\htdocs...')
#18 {main}
CRITICAL - 2021-02-16 00:32:34 --> Undefined property: App\Controllers\Home::$ModelHome
#0 F:\xampp\htdocs\project_bps\app\Controllers\Home.php(18): CodeIgniter\Debug\Exceptions->errorHandler(8, 'Undefined prope...', 'F:\\xampp\\htdocs...', 18, Array)
#1 F:\xampp\htdocs\project_bps\vendor\codeigniter4\framework\system\CodeIgniter.php(936): App\Controllers\Home->index()
#2 F:\xampp\htdocs\project_bps\vendor\codeigniter4\framework\system\CodeIgniter.php(432): CodeIgniter\CodeIgniter->runController(Object(App\Controllers\Home))
#3 F:\xampp\htdocs\project_bps\vendor\codeigniter4\framework\system\CodeIgniter.php(333): CodeIgniter\CodeIgniter->handleRequest(NULL, Object(Config\Cache), false)
#4 F:\xampp\htdocs\project_bps\public\index.php(44): CodeIgniter\CodeIgniter->run()
#5 F:\xampp\htdocs\project_bps\vendor\codeigniter4\framework\system\Commands\Server\rewrite.php(45): require_once('F:\\xampp\\htdocs...')
#6 {main}
CRITICAL - 2021-02-16 06:04:23 --> Undefined index: id_dokumen
#0 F:\xampp\htdocs\project_bps\app\Models\ModelDokumen.php(34): CodeIgniter\Debug\Exceptions->errorHandler(8, 'Undefined index...', 'F:\\xampp\\htdocs...', 34, Array)
#1 F:\xampp\htdocs\project_bps\app\Controllers\Dokumen.php(226): App\Models\ModelDokumen->edit(Array)
#2 F:\xampp\htdocs\project_bps\vendor\codeigniter4\framework\system\CodeIgniter.php(936): App\Controllers\Dokumen->verifikasi()
#3 F:\xampp\htdocs\project_bps\vendor\codeigniter4\framework\system\CodeIgniter.php(432): CodeIgniter\CodeIgniter->runController(Object(App\Controllers\Dokumen))
#4 F:\xampp\htdocs\project_bps\vendor\codeigniter4\framework\system\CodeIgniter.php(333): CodeIgniter\CodeIgniter->handleRequest(NULL, Object(Config\Cache), false)
#5 F:\xampp\htdocs\project_bps\public\index.php(44): CodeIgniter\CodeIgniter->run()
#6 F:\xampp\htdocs\project_bps\vendor\codeigniter4\framework\system\Commands\Server\rewrite.php(45): require_once('F:\\xampp\\htdocs...')
#7 {main}
CRITICAL - 2021-02-16 06:07:24 --> Too few arguments to function App\Controllers\Dokumen::verifikasi(), 0 passed in F:\xampp\htdocs\project_bps\vendor\codeigniter4\framework\system\CodeIgniter.php on line 936 and exactly 1 expected
#0 F:\xampp\htdocs\project_bps\vendor\codeigniter4\framework\system\CodeIgniter.php(936): App\Controllers\Dokumen->verifikasi()
#1 F:\xampp\htdocs\project_bps\vendor\codeigniter4\framework\system\CodeIgniter.php(432): CodeIgniter\CodeIgniter->runController(Object(App\Controllers\Dokumen))
#2 F:\xampp\htdocs\project_bps\vendor\codeigniter4\framework\system\CodeIgniter.php(333): CodeIgniter\CodeIgniter->handleRequest(NULL, Object(Config\Cache), false)
#3 F:\xampp\htdocs\project_bps\public\index.php(44): CodeIgniter\CodeIgniter->run()
#4 F:\xampp\htdocs\project_bps\vendor\codeigniter4\framework\system\Commands\Server\rewrite.php(45): require_once('F:\\xampp\\htdocs...')
#5 {main}
CRITICAL - 2021-02-16 06:08:21 --> Too few arguments to function App\Controllers\Dokumen::verifikasi(), 0 passed in F:\xampp\htdocs\project_bps\vendor\codeigniter4\framework\system\CodeIgniter.php on line 936 and exactly 1 expected
#0 F:\xampp\htdocs\project_bps\vendor\codeigniter4\framework\system\CodeIgniter.php(936): App\Controllers\Dokumen->verifikasi()
#1 F:\xampp\htdocs\project_bps\vendor\codeigniter4\framework\system\CodeIgniter.php(432): CodeIgniter\CodeIgniter->runController(Object(App\Controllers\Dokumen))
#2 F:\xampp\htdocs\project_bps\vendor\codeigniter4\framework\system\CodeIgniter.php(333): CodeIgniter\CodeIgniter->handleRequest(NULL, Object(Config\Cache), false)
#3 F:\xampp\htdocs\project_bps\public\index.php(44): CodeIgniter\CodeIgniter->run()
#4 F:\xampp\htdocs\project_bps\vendor\codeigniter4\framework\system\Commands\Server\rewrite.php(45): require_once('F:\\xampp\\htdocs...')
#5 {main}
CRITICAL - 2021-02-16 06:08:27 --> Too few arguments to function App\Controllers\Dokumen::verifikasi(), 0 passed in F:\xampp\htdocs\project_bps\vendor\codeigniter4\framework\system\CodeIgniter.php on line 936 and exactly 1 expected
#0 F:\xampp\htdocs\project_bps\vendor\codeigniter4\framework\system\CodeIgniter.php(936): App\Controllers\Dokumen->verifikasi()
#1 F:\xampp\htdocs\project_bps\vendor\codeigniter4\framework\system\CodeIgniter.php(432): CodeIgniter\CodeIgniter->runController(Object(App\Controllers\Dokumen))
#2 F:\xampp\htdocs\project_bps\vendor\codeigniter4\framework\system\CodeIgniter.php(333): CodeIgniter\CodeIgniter->handleRequest(NULL, Object(Config\Cache), false)
#3 F:\xampp\htdocs\project_bps\public\index.php(44): CodeIgniter\CodeIgniter->run()
#4 F:\xampp\htdocs\project_bps\vendor\codeigniter4\framework\system\Commands\Server\rewrite.php(45): require_once('F:\\xampp\\htdocs...')
#5 {main}
CRITICAL - 2021-02-16 06:23:54 --> Too few arguments to function App\Controllers\Dokumen::verifikasi(), 0 passed in F:\xampp\htdocs\project_bps\vendor\codeigniter4\framework\system\CodeIgniter.php on line 936 and exactly 1 expected
#0 F:\xampp\htdocs\project_bps\vendor\codeigniter4\framework\system\CodeIgniter.php(936): App\Controllers\Dokumen->verifikasi()
#1 F:\xampp\htdocs\project_bps\vendor\codeigniter4\framework\system\CodeIgniter.php(432): CodeIgniter\CodeIgniter->runController(Object(App\Controllers\Dokumen))
#2 F:\xampp\htdocs\project_bps\vendor\codeigniter4\framework\system\CodeIgniter.php(333): CodeIgniter\CodeIgniter->handleRequest(NULL, Object(Config\Cache), false)
#3 F:\xampp\htdocs\project_bps\public\index.php(44): CodeIgniter\CodeIgniter->run()
#4 F:\xampp\htdocs\project_bps\vendor\codeigniter4\framework\system\Commands\Server\rewrite.php(45): require_once('F:\\xampp\\htdocs...')
#5 {main}
CRITICAL - 2021-02-16 06:25:35 --> Too few arguments to function App\Controllers\Dokumen::verifikasi(), 0 passed in F:\xampp\htdocs\project_bps\vendor\codeigniter4\framework\system\CodeIgniter.php on line 936 and exactly 1 expected
#0 F:\xampp\htdocs\project_bps\vendor\codeigniter4\framework\system\CodeIgniter.php(936): App\Controllers\Dokumen->verifikasi()
#1 F:\xampp\htdocs\project_bps\vendor\codeigniter4\framework\system\CodeIgniter.php(432): CodeIgniter\CodeIgniter->runController(Object(App\Controllers\Dokumen))
#2 F:\xampp\htdocs\project_bps\vendor\codeigniter4\framework\system\CodeIgniter.php(333): CodeIgniter\CodeIgniter->handleRequest(NULL, Object(Config\Cache), false)
#3 F:\xampp\htdocs\project_bps\public\index.php(44): CodeIgniter\CodeIgniter->run()
#4 F:\xampp\htdocs\project_bps\vendor\codeigniter4\framework\system\Commands\Server\rewrite.php(45): require_once('F:\\xampp\\htdocs...')
#5 {main}
CRITICAL - 2021-02-16 06:25:37 --> Undefined index: id_dokumen
#0 F:\xampp\htdocs\project_bps\app\Views\dokumen\v_index.php(63): CodeIgniter\Debug\Exceptions->errorHandler(8, 'Undefined index...', 'F:\\xampp\\htdocs...', 63, Array)
#1 F:\xampp\htdocs\project_bps\vendor\codeigniter4\framework\system\View\View.php(220): include('F:\\xampp\\htdocs...')
#2 F:\xampp\htdocs\project_bps\vendor\codeigniter4\framework\system\View\View.php(222): CodeIgniter\View\View->CodeIgniter\View\{closure}()
#3 F:\xampp\htdocs\project_bps\vendor\codeigniter4\framework\system\Common.php(1217): CodeIgniter\View\View->render('dokumen/v_index', Array, true)
#4 F:\xampp\htdocs\project_bps\app\Views\layout\v_content.php(3): view('dokumen/v_index')
#5 F:\xampp\htdocs\project_bps\vendor\codeigniter4\framework\system\View\View.php(220): include('F:\\xampp\\htdocs...')
#6 F:\xampp\htdocs\project_bps\vendor\codeigniter4\framework\system\View\View.php(222): CodeIgniter\View\View->CodeIgniter\View\{closure}()
#7 F:\xampp\htdocs\project_bps\vendor\codeigniter4\framework\system\Common.php(1217): CodeIgniter\View\View->render('layout/v_conten...', Array, true)
#8 F:\xampp\htdocs\project_bps\app\Views\layout\v_wrapper.php(5): view('layout/v_conten...')
#9 F:\xampp\htdocs\project_bps\vendor\codeigniter4\framework\system\View\View.php(220): include('F:\\xampp\\htdocs...')
#10 F:\xampp\htdocs\project_bps\vendor\codeigniter4\framework\system\View\View.php(222): CodeIgniter\View\View->CodeIgniter\View\{closure}()
#11 F:\xampp\htdocs\project_bps\vendor\codeigniter4\framework\system\Common.php(1217): CodeIgniter\View\View->render('layout/v_wrappe...', Array, true)
#12 F:\xampp\htdocs\project_bps\app\Controllers\Dokumen.php(23): view('layout/v_wrappe...', Array)
#13 F:\xampp\htdocs\project_bps\vendor\codeigniter4\framework\system\CodeIgniter.php(936): App\Controllers\Dokumen->index()
#14 F:\xampp\htdocs\project_bps\vendor\codeigniter4\framework\system\CodeIgniter.php(432): CodeIgniter\CodeIgniter->runController(Object(App\Controllers\Dokumen))
#15 F:\xampp\htdocs\project_bps\vendor\codeigniter4\framework\system\CodeIgniter.php(333): CodeIgniter\CodeIgniter->handleRequest(NULL, Object(Config\Cache), false)
#16 F:\xampp\htdocs\project_bps\public\index.php(44): CodeIgniter\CodeIgniter->run()
#17 F:\xampp\htdocs\project_bps\vendor\codeigniter4\framework\system\Commands\Server\rewrite.php(45): require_once('F:\\xampp\\htdocs...')
#18 {main}
CRITICAL - 2021-02-16 06:25:39 --> Undefined index: id_dokumen
#0 F:\xampp\htdocs\project_bps\app\Views\dokumen\v_index.php(63): CodeIgniter\Debug\Exceptions->errorHandler(8, 'Undefined index...', 'F:\\xampp\\htdocs...', 63, Array)
#1 F:\xampp\htdocs\project_bps\vendor\codeigniter4\framework\system\View\View.php(220): include('F:\\xampp\\htdocs...')
#2 F:\xampp\htdocs\project_bps\vendor\codeigniter4\framework\system\View\View.php(222): CodeIgniter\View\View->CodeIgniter\View\{closure}()
#3 F:\xampp\htdocs\project_bps\vendor\codeigniter4\framework\system\Common.php(1217): CodeIgniter\View\View->render('dokumen/v_index', Array, true)
#4 F:\xampp\htdocs\project_bps\app\Views\layout\v_content.php(3): view('dokumen/v_index')
#5 F:\xampp\htdocs\project_bps\vendor\codeigniter4\framework\system\View\View.php(220): include('F:\\xampp\\htdocs...')
#6 F:\xampp\htdocs\project_bps\vendor\codeigniter4\framework\system\View\View.php(222): CodeIgniter\View\View->CodeIgniter\View\{closure}()
#7 F:\xampp\htdocs\project_bps\vendor\codeigniter4\framework\system\Common.php(1217): CodeIgniter\View\View->render('layout/v_conten...', Array, true)
#8 F:\xampp\htdocs\project_bps\app\Views\layout\v_wrapper.php(5): view('layout/v_conten...')
#9 F:\xampp\htdocs\project_bps\vendor\codeigniter4\framework\system\View\View.php(220): include('F:\\xampp\\htdocs...')
#10 F:\xampp\htdocs\project_bps\vendor\codeigniter4\framework\system\View\View.php(222): CodeIgniter\View\View->CodeIgniter\View\{closure}()
#11 F:\xampp\htdocs\project_bps\vendor\codeigniter4\framework\system\Common.php(1217): CodeIgniter\View\View->render('layout/v_wrappe...', Array, true)
#12 F:\xampp\htdocs\project_bps\app\Controllers\Dokumen.php(23): view('layout/v_wrappe...', Array)
#13 F:\xampp\htdocs\project_bps\vendor\codeigniter4\framework\system\CodeIgniter.php(936): App\Controllers\Dokumen->index()
#14 F:\xampp\htdocs\project_bps\vendor\codeigniter4\framework\system\CodeIgniter.php(432): CodeIgniter\CodeIgniter->runController(Object(App\Controllers\Dokumen))
#15 F:\xampp\htdocs\project_bps\vendor\codeigniter4\framework\system\CodeIgniter.php(333): CodeIgniter\CodeIgniter->handleRequest(NULL, Object(Config\Cache), false)
#16 F:\xampp\htdocs\project_bps\public\index.php(44): CodeIgniter\CodeIgniter->run()
#17 F:\xampp\htdocs\project_bps\vendor\codeigniter4\framework\system\Commands\Server\rewrite.php(45): require_once('F:\\xampp\\htdocs...')
#18 {main}
