CRITICAL - 2021-02-24 11:46:44 --> syntax error, unexpected '.', expecting end of file
#0 F:\xampp\htdocs\project_bps\vendor\codeigniter4\framework\system\View\View.php(222): CodeIgniter\View\View->CodeIgniter\View\{closure}()
#1 F:\xampp\htdocs\project_bps\vendor\codeigniter4\framework\system\Common.php(1217): CodeIgniter\View\View->render('v_home', Array, true)
#2 F:\xampp\htdocs\project_bps\app\Views\layout\v_content.php(3): view('v_home')
#3 F:\xampp\htdocs\project_bps\vendor\codeigniter4\framework\system\View\View.php(220): include('F:\\xampp\\htdocs...')
#4 F:\xampp\htdocs\project_bps\vendor\codeigniter4\framework\system\View\View.php(222): CodeIgniter\View\View->CodeIgniter\View\{closure}()
#5 F:\xampp\htdocs\project_bps\vendor\codeigniter4\framework\system\Common.php(1217): CodeIgniter\View\View->render('layout/v_conten...', Array, true)
#6 F:\xampp\htdocs\project_bps\app\Views\layout\v_wrapper.php(5): view('layout/v_conten...')
#7 F:\xampp\htdocs\project_bps\vendor\codeigniter4\framework\system\View\View.php(220): include('F:\\xampp\\htdocs...')
#8 F:\xampp\htdocs\project_bps\vendor\codeigniter4\framework\system\View\View.php(222): CodeIgniter\View\View->CodeIgniter\View\{closure}()
#9 F:\xampp\htdocs\project_bps\vendor\codeigniter4\framework\system\Common.php(1217): CodeIgniter\View\View->render('layout/v_wrappe...', Array, true)
#10 F:\xampp\htdocs\project_bps\app\Controllers\Home.php(24): view('layout/v_wrappe...', Array)
#11 F:\xampp\htdocs\project_bps\vendor\codeigniter4\framework\system\CodeIgniter.php(936): App\Controllers\Home->index()
#12 F:\xampp\htdocs\project_bps\vendor\codeigniter4\framework\system\CodeIgniter.php(432): CodeIgniter\CodeIgniter->runController(Object(App\Controllers\Home))
#13 F:\xampp\htdocs\project_bps\vendor\codeigniter4\framework\system\CodeIgniter.php(333): CodeIgniter\CodeIgniter->handleRequest(NULL, Object(Config\Cache), false)
#14 F:\xampp\htdocs\project_bps\public\index.php(44): CodeIgniter\CodeIgniter->run()
#15 F:\xampp\htdocs\project_bps\vendor\codeigniter4\framework\system\Commands\Server\rewrite.php(45): require_once('F:\\xampp\\htdocs...')
#16 {main}
CRITICAL - 2021-02-24 11:46:46 --> syntax error, unexpected '.', expecting end of file
#0 F:\xampp\htdocs\project_bps\vendor\codeigniter4\framework\system\View\View.php(222): CodeIgniter\View\View->CodeIgniter\View\{closure}()
#1 F:\xampp\htdocs\project_bps\vendor\codeigniter4\framework\system\Common.php(1217): CodeIgniter\View\View->render('v_home', Array, true)
#2 F:\xampp\htdocs\project_bps\app\Views\layout\v_content.php(3): view('v_home')
#3 F:\xampp\htdocs\project_bps\vendor\codeigniter4\framework\system\View\View.php(220): include('F:\\xampp\\htdocs...')
#4 F:\xampp\htdocs\project_bps\vendor\codeigniter4\framework\system\View\View.php(222): CodeIgniter\View\View->CodeIgniter\View\{closure}()
#5 F:\xampp\htdocs\project_bps\vendor\codeigniter4\framework\system\Common.php(1217): CodeIgniter\View\View->render('layout/v_conten...', Array, true)
#6 F:\xampp\htdocs\project_bps\app\Views\layout\v_wrapper.php(5): view('layout/v_conten...')
#7 F:\xampp\htdocs\project_bps\vendor\codeigniter4\framework\system\View\View.php(220): include('F:\\xampp\\htdocs...')
#8 F:\xampp\htdocs\project_bps\vendor\codeigniter4\framework\system\View\View.php(222): CodeIgniter\View\View->CodeIgniter\View\{closure}()
#9 F:\xampp\htdocs\project_bps\vendor\codeigniter4\framework\system\Common.php(1217): CodeIgniter\View\View->render('layout/v_wrappe...', Array, true)
#10 F:\xampp\htdocs\project_bps\app\Controllers\Home.php(24): view('layout/v_wrappe...', Array)
#11 F:\xampp\htdocs\project_bps\vendor\codeigniter4\framework\system\CodeIgniter.php(936): App\Controllers\Home->index()
#12 F:\xampp\htdocs\project_bps\vendor\codeigniter4\framework\system\CodeIgniter.php(432): CodeIgniter\CodeIgniter->runController(Object(App\Controllers\Home))
#13 F:\xampp\htdocs\project_bps\vendor\codeigniter4\framework\system\CodeIgniter.php(333): CodeIgniter\CodeIgniter->handleRequest(NULL, Object(Config\Cache), false)
#14 F:\xampp\htdocs\project_bps\public\index.php(44): CodeIgniter\CodeIgniter->run()
#15 F:\xampp\htdocs\project_bps\vendor\codeigniter4\framework\system\Commands\Server\rewrite.php(45): require_once('F:\\xampp\\htdocs...')
#16 {main}
CRITICAL - 2021-02-24 20:16:20 --> Undefined variable: value
#0 F:\xampp\htdocs\project_bps\app\Views\user\v_myprofile.php(6): CodeIgniter\Debug\Exceptions->errorHandler(8, 'Undefined varia...', 'F:\\xampp\\htdocs...', 6, Array)
#1 F:\xampp\htdocs\project_bps\vendor\codeigniter4\framework\system\View\View.php(220): include('F:\\xampp\\htdocs...')
#2 F:\xampp\htdocs\project_bps\vendor\codeigniter4\framework\system\View\View.php(222): CodeIgniter\View\View->CodeIgniter\View\{closure}()
#3 F:\xampp\htdocs\project_bps\vendor\codeigniter4\framework\system\Common.php(1217): CodeIgniter\View\View->render('user/v_myprofil...', Array, true)
#4 F:\xampp\htdocs\project_bps\app\Views\layout\v_content.php(3): view('user/v_myprofil...')
#5 F:\xampp\htdocs\project_bps\vendor\codeigniter4\framework\system\View\View.php(220): include('F:\\xampp\\htdocs...')
#6 F:\xampp\htdocs\project_bps\vendor\codeigniter4\framework\system\View\View.php(222): CodeIgniter\View\View->CodeIgniter\View\{closure}()
#7 F:\xampp\htdocs\project_bps\vendor\codeigniter4\framework\system\Common.php(1217): CodeIgniter\View\View->render('layout/v_conten...', Array, true)
#8 F:\xampp\htdocs\project_bps\app\Views\layout\v_wrapper.php(5): view('layout/v_conten...')
#9 F:\xampp\htdocs\project_bps\vendor\codeigniter4\framework\system\View\View.php(220): include('F:\\xampp\\htdocs...')
#10 F:\xampp\htdocs\project_bps\vendor\codeigniter4\framework\system\View\View.php(222): CodeIgniter\View\View->CodeIgniter\View\{closure}()
#11 F:\xampp\htdocs\project_bps\vendor\codeigniter4\framework\system\Common.php(1217): CodeIgniter\View\View->render('layout/v_wrappe...', Array, true)
#12 F:\xampp\htdocs\project_bps\app\Controllers\Profile.php(21): view('layout/v_wrappe...', Array)
#13 F:\xampp\htdocs\project_bps\vendor\codeigniter4\framework\system\CodeIgniter.php(936): App\Controllers\Profile->index()
#14 F:\xampp\htdocs\project_bps\vendor\codeigniter4\framework\system\CodeIgniter.php(432): CodeIgniter\CodeIgniter->runController(Object(App\Controllers\Profile))
#15 F:\xampp\htdocs\project_bps\vendor\codeigniter4\framework\system\CodeIgniter.php(333): CodeIgniter\CodeIgniter->handleRequest(NULL, Object(Config\Cache), false)
#16 F:\xampp\htdocs\project_bps\public\index.php(44): CodeIgniter\CodeIgniter->run()
#17 F:\xampp\htdocs\project_bps\vendor\codeigniter4\framework\system\Commands\Server\rewrite.php(45): require_once('F:\\xampp\\htdocs...')
#18 {main}
CRITICAL - 2021-02-24 20:18:17 --> Undefined variable: value
#0 F:\xampp\htdocs\project_bps\app\Views\user\v_myprofile.php(87): CodeIgniter\Debug\Exceptions->errorHandler(8, 'Undefined varia...', 'F:\\xampp\\htdocs...', 87, Array)
#1 F:\xampp\htdocs\project_bps\vendor\codeigniter4\framework\system\View\View.php(220): include('F:\\xampp\\htdocs...')
#2 F:\xampp\htdocs\project_bps\vendor\codeigniter4\framework\system\View\View.php(222): CodeIgniter\View\View->CodeIgniter\View\{closure}()
#3 F:\xampp\htdocs\project_bps\vendor\codeigniter4\framework\system\Common.php(1217): CodeIgniter\View\View->render('user/v_myprofil...', Array, true)
#4 F:\xampp\htdocs\project_bps\app\Views\layout\v_content.php(3): view('user/v_myprofil...')
#5 F:\xampp\htdocs\project_bps\vendor\codeigniter4\framework\system\View\View.php(220): include('F:\\xampp\\htdocs...')
#6 F:\xampp\htdocs\project_bps\vendor\codeigniter4\framework\system\View\View.php(222): CodeIgniter\View\View->CodeIgniter\View\{closure}()
#7 F:\xampp\htdocs\project_bps\vendor\codeigniter4\framework\system\Common.php(1217): CodeIgniter\View\View->render('layout/v_conten...', Array, true)
#8 F:\xampp\htdocs\project_bps\app\Views\layout\v_wrapper.php(5): view('layout/v_conten...')
#9 F:\xampp\htdocs\project_bps\vendor\codeigniter4\framework\system\View\View.php(220): include('F:\\xampp\\htdocs...')
#10 F:\xampp\htdocs\project_bps\vendor\codeigniter4\framework\system\View\View.php(222): CodeIgniter\View\View->CodeIgniter\View\{closure}()
#11 F:\xampp\htdocs\project_bps\vendor\codeigniter4\framework\system\Common.php(1217): CodeIgniter\View\View->render('layout/v_wrappe...', Array, true)
#12 F:\xampp\htdocs\project_bps\app\Controllers\Profile.php(21): view('layout/v_wrappe...', Array)
#13 F:\xampp\htdocs\project_bps\vendor\codeigniter4\framework\system\CodeIgniter.php(936): App\Controllers\Profile->index()
#14 F:\xampp\htdocs\project_bps\vendor\codeigniter4\framework\system\CodeIgniter.php(432): CodeIgniter\CodeIgniter->runController(Object(App\Controllers\Profile))
#15 F:\xampp\htdocs\project_bps\vendor\codeigniter4\framework\system\CodeIgniter.php(333): CodeIgniter\CodeIgniter->handleRequest(NULL, Object(Config\Cache), false)
#16 F:\xampp\htdocs\project_bps\public\index.php(44): CodeIgniter\CodeIgniter->run()
#17 F:\xampp\htdocs\project_bps\vendor\codeigniter4\framework\system\Commands\Server\rewrite.php(45): require_once('F:\\xampp\\htdocs...')
#18 {main}
CRITICAL - 2021-02-24 21:01:33 --> Undefined variable: id_user
#0 F:\xampp\htdocs\project_bps\app\Controllers\Profile.php(63): CodeIgniter\Debug\Exceptions->errorHandler(8, 'Undefined varia...', 'F:\\xampp\\htdocs...', 63, Array)
#1 F:\xampp\htdocs\project_bps\vendor\codeigniter4\framework\system\CodeIgniter.php(936): App\Controllers\Profile->edit()
#2 F:\xampp\htdocs\project_bps\vendor\codeigniter4\framework\system\CodeIgniter.php(432): CodeIgniter\CodeIgniter->runController(Object(App\Controllers\Profile))
#3 F:\xampp\htdocs\project_bps\vendor\codeigniter4\framework\system\CodeIgniter.php(333): CodeIgniter\CodeIgniter->handleRequest(NULL, Object(Config\Cache), false)
#4 F:\xampp\htdocs\project_bps\public\index.php(44): CodeIgniter\CodeIgniter->run()
#5 F:\xampp\htdocs\project_bps\vendor\codeigniter4\framework\system\Commands\Server\rewrite.php(45): require_once('F:\\xampp\\htdocs...')
#6 {main}
CRITICAL - 2021-02-24 21:03:40 --> Undefined variable: level
#0 F:\xampp\htdocs\project_bps\app\Controllers\Profile.php(66): CodeIgniter\Debug\Exceptions->errorHandler(8, 'Undefined varia...', 'F:\\xampp\\htdocs...', 66, Array)
#1 F:\xampp\htdocs\project_bps\vendor\codeigniter4\framework\system\CodeIgniter.php(936): App\Controllers\Profile->edit('1')
#2 F:\xampp\htdocs\project_bps\vendor\codeigniter4\framework\system\CodeIgniter.php(432): CodeIgniter\CodeIgniter->runController(Object(App\Controllers\Profile))
#3 F:\xampp\htdocs\project_bps\vendor\codeigniter4\framework\system\CodeIgniter.php(333): CodeIgniter\CodeIgniter->handleRequest(NULL, Object(Config\Cache), false)
#4 F:\xampp\htdocs\project_bps\public\index.php(44): CodeIgniter\CodeIgniter->run()
#5 F:\xampp\htdocs\project_bps\vendor\codeigniter4\framework\system\Commands\Server\rewrite.php(45): require_once('F:\\xampp\\htdocs...')
#6 {main}
