CRITICAL - 2021-02-22 08:36:29 --> Object of class CodeIgniter\HTTP\RedirectResponse could not be converted to string
#0 F:\xampp\htdocs\project_bps\app\Views\dokumen\v_add.php(62): CodeIgniter\Debug\Exceptions->errorHandler(4096, 'Object of class...', 'F:\\xampp\\htdocs...', 62, Array)
#1 F:\xampp\htdocs\project_bps\vendor\codeigniter4\framework\system\View\View.php(220): include('F:\\xampp\\htdocs...')
#2 F:\xampp\htdocs\project_bps\vendor\codeigniter4\framework\system\View\View.php(222): CodeIgniter\View\View->CodeIgniter\View\{closure}()
#3 F:\xampp\htdocs\project_bps\vendor\codeigniter4\framework\system\Common.php(1217): CodeIgniter\View\View->render('dokumen/v_add', Array, true)
#4 F:\xampp\htdocs\project_bps\app\Views\layout\v_content.php(3): view('dokumen/v_add')
#5 F:\xampp\htdocs\project_bps\vendor\codeigniter4\framework\system\View\View.php(220): include('F:\\xampp\\htdocs...')
#6 F:\xampp\htdocs\project_bps\vendor\codeigniter4\framework\system\View\View.php(222): CodeIgniter\View\View->CodeIgniter\View\{closure}()
#7 F:\xampp\htdocs\project_bps\vendor\codeigniter4\framework\system\Common.php(1217): CodeIgniter\View\View->render('layout/v_conten...', Array, true)
#8 F:\xampp\htdocs\project_bps\app\Views\layout\v_wrapper.php(5): view('layout/v_conten...')
#9 F:\xampp\htdocs\project_bps\vendor\codeigniter4\framework\system\View\View.php(220): include('F:\\xampp\\htdocs...')
#10 F:\xampp\htdocs\project_bps\vendor\codeigniter4\framework\system\View\View.php(222): CodeIgniter\View\View->CodeIgniter\View\{closure}()
#11 F:\xampp\htdocs\project_bps\vendor\codeigniter4\framework\system\Common.php(1217): CodeIgniter\View\View->render('layout/v_wrappe...', Array, true)
#12 F:\xampp\htdocs\project_bps\app\Controllers\Dokumen.php(35): view('layout/v_wrappe...', Array)
#13 F:\xampp\htdocs\project_bps\vendor\codeigniter4\framework\system\CodeIgniter.php(936): App\Controllers\Dokumen->add()
#14 F:\xampp\htdocs\project_bps\vendor\codeigniter4\framework\system\CodeIgniter.php(432): CodeIgniter\CodeIgniter->runController(Object(App\Controllers\Dokumen))
#15 F:\xampp\htdocs\project_bps\vendor\codeigniter4\framework\system\CodeIgniter.php(333): CodeIgniter\CodeIgniter->handleRequest(NULL, Object(Config\Cache), false)
#16 F:\xampp\htdocs\project_bps\public\index.php(44): CodeIgniter\CodeIgniter->run()
#17 F:\xampp\htdocs\project_bps\vendor\codeigniter4\framework\system\Commands\Server\rewrite.php(45): require_once('F:\\xampp\\htdocs...')
#18 {main}
