CRITICAL - 2021-02-08 07:14:27 --> Class 'App\Controllers\ModelHome' not found
#0 F:\xampp\htdocs\project_bps\vendor\codeigniter4\framework\system\CodeIgniter.php(908): App\Controllers\Home->__construct()
#1 F:\xampp\htdocs\project_bps\vendor\codeigniter4\framework\system\CodeIgniter.php(422): CodeIgniter\CodeIgniter->createController()
#2 F:\xampp\htdocs\project_bps\vendor\codeigniter4\framework\system\CodeIgniter.php(333): CodeIgniter\CodeIgniter->handleRequest(NULL, Object(Config\Cache), false)
#3 F:\xampp\htdocs\project_bps\public\index.php(44): CodeIgniter\CodeIgniter->run()
#4 F:\xampp\htdocs\project_bps\vendor\codeigniter4\framework\system\Commands\Server\rewrite.php(45): require_once('F:\\xampp\\htdocs...')
#5 {main}
CRITICAL - 2021-02-08 07:14:38 --> Invalid file: v_home.php
#0 F:\xampp\htdocs\project_bps\vendor\codeigniter4\framework\system\View\View.php(203): CodeIgniter\Exceptions\FrameworkException::forInvalidFile('v_home.php')
#1 F:\xampp\htdocs\project_bps\vendor\codeigniter4\framework\system\Common.php(1217): CodeIgniter\View\View->render('v_home', Array, true)
#2 F:\xampp\htdocs\project_bps\app\Views\layout\v_content.php(3): view('v_home')
#3 F:\xampp\htdocs\project_bps\vendor\codeigniter4\framework\system\View\View.php(220): include('F:\\xampp\\htdocs...')
#4 F:\xampp\htdocs\project_bps\vendor\codeigniter4\framework\system\View\View.php(222): CodeIgniter\View\View->CodeIgniter\View\{closure}()
#5 F:\xampp\htdocs\project_bps\vendor\codeigniter4\framework\system\Common.php(1217): CodeIgniter\View\View->render('layout/v_conten...', Array, true)
#6 F:\xampp\htdocs\project_bps\app\Views\layout\v_wrapper.php(5): view('layout/v_conten...')
#7 F:\xampp\htdocs\project_bps\vendor\codeigniter4\framework\system\View\View.php(220): include('F:\\xampp\\htdocs...')
#8 F:\xampp\htdocs\project_bps\vendor\codeigniter4\framework\system\View\View.php(222): CodeIgniter\View\View->CodeIgniter\View\{closure}()
#9 F:\xampp\htdocs\project_bps\vendor\codeigniter4\framework\system\Common.php(1217): CodeIgniter\View\View->render('layout/v_wrappe...', Array, true)
#10 F:\xampp\htdocs\project_bps\app\Controllers\Home.php(21): view('layout/v_wrappe...', Array)
#11 F:\xampp\htdocs\project_bps\vendor\codeigniter4\framework\system\CodeIgniter.php(936): App\Controllers\Home->index()
#12 F:\xampp\htdocs\project_bps\vendor\codeigniter4\framework\system\CodeIgniter.php(432): CodeIgniter\CodeIgniter->runController(Object(App\Controllers\Home))
#13 F:\xampp\htdocs\project_bps\vendor\codeigniter4\framework\system\CodeIgniter.php(333): CodeIgniter\CodeIgniter->handleRequest(NULL, Object(Config\Cache), false)
#14 F:\xampp\htdocs\project_bps\public\index.php(44): CodeIgniter\CodeIgniter->run()
#15 F:\xampp\htdocs\project_bps\vendor\codeigniter4\framework\system\Commands\Server\rewrite.php(45): require_once('F:\\xampp\\htdocs...')
#16 {main}
CRITICAL - 2021-02-08 07:16:06 --> Invalid file: v_home.php
#0 F:\xampp\htdocs\project_bps\vendor\codeigniter4\framework\system\View\View.php(203): CodeIgniter\Exceptions\FrameworkException::forInvalidFile('v_home.php')
#1 F:\xampp\htdocs\project_bps\vendor\codeigniter4\framework\system\Common.php(1217): CodeIgniter\View\View->render('v_home', Array, true)
#2 F:\xampp\htdocs\project_bps\app\Views\layout\v_content.php(3): view('v_home')
#3 F:\xampp\htdocs\project_bps\vendor\codeigniter4\framework\system\View\View.php(220): include('F:\\xampp\\htdocs...')
#4 F:\xampp\htdocs\project_bps\vendor\codeigniter4\framework\system\View\View.php(222): CodeIgniter\View\View->CodeIgniter\View\{closure}()
#5 F:\xampp\htdocs\project_bps\vendor\codeigniter4\framework\system\Common.php(1217): CodeIgniter\View\View->render('layout/v_conten...', Array, true)
#6 F:\xampp\htdocs\project_bps\app\Views\layout\v_wrapper.php(5): view('layout/v_conten...')
#7 F:\xampp\htdocs\project_bps\vendor\codeigniter4\framework\system\View\View.php(220): include('F:\\xampp\\htdocs...')
#8 F:\xampp\htdocs\project_bps\vendor\codeigniter4\framework\system\View\View.php(222): CodeIgniter\View\View->CodeIgniter\View\{closure}()
#9 F:\xampp\htdocs\project_bps\vendor\codeigniter4\framework\system\Common.php(1217): CodeIgniter\View\View->render('layout/v_wrappe...', Array, true)
#10 F:\xampp\htdocs\project_bps\app\Controllers\Home.php(21): view('layout/v_wrappe...', Array)
#11 F:\xampp\htdocs\project_bps\vendor\codeigniter4\framework\system\CodeIgniter.php(936): App\Controllers\Home->index()
#12 F:\xampp\htdocs\project_bps\vendor\codeigniter4\framework\system\CodeIgniter.php(432): CodeIgniter\CodeIgniter->runController(Object(App\Controllers\Home))
#13 F:\xampp\htdocs\project_bps\vendor\codeigniter4\framework\system\CodeIgniter.php(333): CodeIgniter\CodeIgniter->handleRequest(NULL, Object(Config\Cache), false)
#14 F:\xampp\htdocs\project_bps\public\index.php(44): CodeIgniter\CodeIgniter->run()
#15 F:\xampp\htdocs\project_bps\vendor\codeigniter4\framework\system\Commands\Server\rewrite.php(45): require_once('F:\\xampp\\htdocs...')
#16 {main}
CRITICAL - 2021-02-08 07:16:06 --> Invalid file: v_home.php
#0 F:\xampp\htdocs\project_bps\vendor\codeigniter4\framework\system\View\View.php(203): CodeIgniter\Exceptions\FrameworkException::forInvalidFile('v_home.php')
#1 F:\xampp\htdocs\project_bps\vendor\codeigniter4\framework\system\Common.php(1217): CodeIgniter\View\View->render('v_home', Array, true)
#2 F:\xampp\htdocs\project_bps\app\Views\layout\v_content.php(3): view('v_home')
#3 F:\xampp\htdocs\project_bps\vendor\codeigniter4\framework\system\View\View.php(220): include('F:\\xampp\\htdocs...')
#4 F:\xampp\htdocs\project_bps\vendor\codeigniter4\framework\system\View\View.php(222): CodeIgniter\View\View->CodeIgniter\View\{closure}()
#5 F:\xampp\htdocs\project_bps\vendor\codeigniter4\framework\system\Common.php(1217): CodeIgniter\View\View->render('layout/v_conten...', Array, true)
#6 F:\xampp\htdocs\project_bps\app\Views\layout\v_wrapper.php(5): view('layout/v_conten...')
#7 F:\xampp\htdocs\project_bps\vendor\codeigniter4\framework\system\View\View.php(220): include('F:\\xampp\\htdocs...')
#8 F:\xampp\htdocs\project_bps\vendor\codeigniter4\framework\system\View\View.php(222): CodeIgniter\View\View->CodeIgniter\View\{closure}()
#9 F:\xampp\htdocs\project_bps\vendor\codeigniter4\framework\system\Common.php(1217): CodeIgniter\View\View->render('layout/v_wrappe...', Array, true)
#10 F:\xampp\htdocs\project_bps\app\Controllers\Home.php(21): view('layout/v_wrappe...', Array)
#11 F:\xampp\htdocs\project_bps\vendor\codeigniter4\framework\system\CodeIgniter.php(936): App\Controllers\Home->index()
#12 F:\xampp\htdocs\project_bps\vendor\codeigniter4\framework\system\CodeIgniter.php(432): CodeIgniter\CodeIgniter->runController(Object(App\Controllers\Home))
#13 F:\xampp\htdocs\project_bps\vendor\codeigniter4\framework\system\CodeIgniter.php(333): CodeIgniter\CodeIgniter->handleRequest(NULL, Object(Config\Cache), false)
#14 F:\xampp\htdocs\project_bps\public\index.php(44): CodeIgniter\CodeIgniter->run()
#15 F:\xampp\htdocs\project_bps\vendor\codeigniter4\framework\system\Commands\Server\rewrite.php(45): require_once('F:\\xampp\\htdocs...')
#16 {main}
CRITICAL - 2021-02-08 07:17:06 --> Undefined variable: total_arsip
#0 F:\xampp\htdocs\project_bps\app\Views\v_home.php(6): CodeIgniter\Debug\Exceptions->errorHandler(8, 'Undefined varia...', 'F:\\xampp\\htdocs...', 6, Array)
#1 F:\xampp\htdocs\project_bps\vendor\codeigniter4\framework\system\View\View.php(220): include('F:\\xampp\\htdocs...')
#2 F:\xampp\htdocs\project_bps\vendor\codeigniter4\framework\system\View\View.php(222): CodeIgniter\View\View->CodeIgniter\View\{closure}()
#3 F:\xampp\htdocs\project_bps\vendor\codeigniter4\framework\system\Common.php(1217): CodeIgniter\View\View->render('v_home', Array, true)
#4 F:\xampp\htdocs\project_bps\app\Views\layout\v_content.php(3): view('v_home')
#5 F:\xampp\htdocs\project_bps\vendor\codeigniter4\framework\system\View\View.php(220): include('F:\\xampp\\htdocs...')
#6 F:\xampp\htdocs\project_bps\vendor\codeigniter4\framework\system\View\View.php(222): CodeIgniter\View\View->CodeIgniter\View\{closure}()
#7 F:\xampp\htdocs\project_bps\vendor\codeigniter4\framework\system\Common.php(1217): CodeIgniter\View\View->render('layout/v_conten...', Array, true)
#8 F:\xampp\htdocs\project_bps\app\Views\layout\v_wrapper.php(5): view('layout/v_conten...')
#9 F:\xampp\htdocs\project_bps\vendor\codeigniter4\framework\system\View\View.php(220): include('F:\\xampp\\htdocs...')
#10 F:\xampp\htdocs\project_bps\vendor\codeigniter4\framework\system\View\View.php(222): CodeIgniter\View\View->CodeIgniter\View\{closure}()
#11 F:\xampp\htdocs\project_bps\vendor\codeigniter4\framework\system\Common.php(1217): CodeIgniter\View\View->render('layout/v_wrappe...', Array, true)
#12 F:\xampp\htdocs\project_bps\app\Controllers\Home.php(21): view('layout/v_wrappe...', Array)
#13 F:\xampp\htdocs\project_bps\vendor\codeigniter4\framework\system\CodeIgniter.php(936): App\Controllers\Home->index()
#14 F:\xampp\htdocs\project_bps\vendor\codeigniter4\framework\system\CodeIgniter.php(432): CodeIgniter\CodeIgniter->runController(Object(App\Controllers\Home))
#15 F:\xampp\htdocs\project_bps\vendor\codeigniter4\framework\system\CodeIgniter.php(333): CodeIgniter\CodeIgniter->handleRequest(NULL, Object(Config\Cache), false)
#16 F:\xampp\htdocs\project_bps\public\index.php(44): CodeIgniter\CodeIgniter->run()
#17 F:\xampp\htdocs\project_bps\vendor\codeigniter4\framework\system\Commands\Server\rewrite.php(45): require_once('F:\\xampp\\htdocs...')
#18 {main}
CRITICAL - 2021-02-08 07:17:06 --> Undefined variable: total_arsip
#0 F:\xampp\htdocs\project_bps\app\Views\v_home.php(6): CodeIgniter\Debug\Exceptions->errorHandler(8, 'Undefined varia...', 'F:\\xampp\\htdocs...', 6, Array)
#1 F:\xampp\htdocs\project_bps\vendor\codeigniter4\framework\system\View\View.php(220): include('F:\\xampp\\htdocs...')
#2 F:\xampp\htdocs\project_bps\vendor\codeigniter4\framework\system\View\View.php(222): CodeIgniter\View\View->CodeIgniter\View\{closure}()
#3 F:\xampp\htdocs\project_bps\vendor\codeigniter4\framework\system\Common.php(1217): CodeIgniter\View\View->render('v_home', Array, true)
#4 F:\xampp\htdocs\project_bps\app\Views\layout\v_content.php(3): view('v_home')
#5 F:\xampp\htdocs\project_bps\vendor\codeigniter4\framework\system\View\View.php(220): include('F:\\xampp\\htdocs...')
#6 F:\xampp\htdocs\project_bps\vendor\codeigniter4\framework\system\View\View.php(222): CodeIgniter\View\View->CodeIgniter\View\{closure}()
#7 F:\xampp\htdocs\project_bps\vendor\codeigniter4\framework\system\Common.php(1217): CodeIgniter\View\View->render('layout/v_conten...', Array, true)
#8 F:\xampp\htdocs\project_bps\app\Views\layout\v_wrapper.php(5): view('layout/v_conten...')
#9 F:\xampp\htdocs\project_bps\vendor\codeigniter4\framework\system\View\View.php(220): include('F:\\xampp\\htdocs...')
#10 F:\xampp\htdocs\project_bps\vendor\codeigniter4\framework\system\View\View.php(222): CodeIgniter\View\View->CodeIgniter\View\{closure}()
#11 F:\xampp\htdocs\project_bps\vendor\codeigniter4\framework\system\Common.php(1217): CodeIgniter\View\View->render('layout/v_wrappe...', Array, true)
#12 F:\xampp\htdocs\project_bps\app\Controllers\Home.php(21): view('layout/v_wrappe...', Array)
#13 F:\xampp\htdocs\project_bps\vendor\codeigniter4\framework\system\CodeIgniter.php(936): App\Controllers\Home->index()
#14 F:\xampp\htdocs\project_bps\vendor\codeigniter4\framework\system\CodeIgniter.php(432): CodeIgniter\CodeIgniter->runController(Object(App\Controllers\Home))
#15 F:\xampp\htdocs\project_bps\vendor\codeigniter4\framework\system\CodeIgniter.php(333): CodeIgniter\CodeIgniter->handleRequest(NULL, Object(Config\Cache), false)
#16 F:\xampp\htdocs\project_bps\public\index.php(44): CodeIgniter\CodeIgniter->run()
#17 F:\xampp\htdocs\project_bps\vendor\codeigniter4\framework\system\Commands\Server\rewrite.php(45): require_once('F:\\xampp\\htdocs...')
#18 {main}
CRITICAL - 2021-02-08 19:03:46 --> Invalid file: komponen/v_komponen.php
#0 F:\xampp\htdocs\project_bps\vendor\codeigniter4\framework\system\View\View.php(203): CodeIgniter\Exceptions\FrameworkException::forInvalidFile('komponen/v_komp...')
#1 F:\xampp\htdocs\project_bps\vendor\codeigniter4\framework\system\Common.php(1217): CodeIgniter\View\View->render('komponen/v_komp...', Array, true)
#2 F:\xampp\htdocs\project_bps\app\Views\layout\v_content.php(3): view('komponen/v_komp...')
#3 F:\xampp\htdocs\project_bps\vendor\codeigniter4\framework\system\View\View.php(220): include('F:\\xampp\\htdocs...')
#4 F:\xampp\htdocs\project_bps\vendor\codeigniter4\framework\system\View\View.php(222): CodeIgniter\View\View->CodeIgniter\View\{closure}()
#5 F:\xampp\htdocs\project_bps\vendor\codeigniter4\framework\system\Common.php(1217): CodeIgniter\View\View->render('layout/v_conten...', Array, true)
#6 F:\xampp\htdocs\project_bps\app\Views\layout\v_wrapper.php(5): view('layout/v_conten...')
#7 F:\xampp\htdocs\project_bps\vendor\codeigniter4\framework\system\View\View.php(220): include('F:\\xampp\\htdocs...')
#8 F:\xampp\htdocs\project_bps\vendor\codeigniter4\framework\system\View\View.php(222): CodeIgniter\View\View->CodeIgniter\View\{closure}()
#9 F:\xampp\htdocs\project_bps\vendor\codeigniter4\framework\system\Common.php(1217): CodeIgniter\View\View->render('layout/v_wrappe...', Array, true)
#10 F:\xampp\htdocs\project_bps\app\Controllers\Komponen.php(17): view('layout/v_wrappe...', Array)
#11 F:\xampp\htdocs\project_bps\vendor\codeigniter4\framework\system\CodeIgniter.php(936): App\Controllers\Komponen->manajemen()
#12 F:\xampp\htdocs\project_bps\vendor\codeigniter4\framework\system\CodeIgniter.php(432): CodeIgniter\CodeIgniter->runController(Object(App\Controllers\Komponen))
#13 F:\xampp\htdocs\project_bps\vendor\codeigniter4\framework\system\CodeIgniter.php(333): CodeIgniter\CodeIgniter->handleRequest(NULL, Object(Config\Cache), false)
#14 F:\xampp\htdocs\project_bps\public\index.php(44): CodeIgniter\CodeIgniter->run()
#15 F:\xampp\htdocs\project_bps\vendor\codeigniter4\framework\system\Commands\Server\rewrite.php(45): require_once('F:\\xampp\\htdocs...')
#16 {main}
CRITICAL - 2021-02-08 22:46:49 --> Undefined index: nama_dep
#0 F:\xampp\htdocs\project_bps\app\Views\user\v_index.php(52): CodeIgniter\Debug\Exceptions->errorHandler(8, 'Undefined index...', 'F:\\xampp\\htdocs...', 52, Array)
#1 F:\xampp\htdocs\project_bps\vendor\codeigniter4\framework\system\View\View.php(220): include('F:\\xampp\\htdocs...')
#2 F:\xampp\htdocs\project_bps\vendor\codeigniter4\framework\system\View\View.php(222): CodeIgniter\View\View->CodeIgniter\View\{closure}()
#3 F:\xampp\htdocs\project_bps\vendor\codeigniter4\framework\system\Common.php(1217): CodeIgniter\View\View->render('user/v_index', Array, true)
#4 F:\xampp\htdocs\project_bps\app\Views\layout\v_content.php(3): view('user/v_index')
#5 F:\xampp\htdocs\project_bps\vendor\codeigniter4\framework\system\View\View.php(220): include('F:\\xampp\\htdocs...')
#6 F:\xampp\htdocs\project_bps\vendor\codeigniter4\framework\system\View\View.php(222): CodeIgniter\View\View->CodeIgniter\View\{closure}()
#7 F:\xampp\htdocs\project_bps\vendor\codeigniter4\framework\system\Common.php(1217): CodeIgniter\View\View->render('layout/v_conten...', Array, true)
#8 F:\xampp\htdocs\project_bps\app\Views\layout\v_wrapper.php(5): view('layout/v_conten...')
#9 F:\xampp\htdocs\project_bps\vendor\codeigniter4\framework\system\View\View.php(220): include('F:\\xampp\\htdocs...')
#10 F:\xampp\htdocs\project_bps\vendor\codeigniter4\framework\system\View\View.php(222): CodeIgniter\View\View->CodeIgniter\View\{closure}()
#11 F:\xampp\htdocs\project_bps\vendor\codeigniter4\framework\system\Common.php(1217): CodeIgniter\View\View->render('layout/v_wrappe...', Array, true)
#12 F:\xampp\htdocs\project_bps\app\Controllers\User.php(21): view('layout/v_wrappe...', Array)
#13 F:\xampp\htdocs\project_bps\vendor\codeigniter4\framework\system\CodeIgniter.php(936): App\Controllers\User->index()
#14 F:\xampp\htdocs\project_bps\vendor\codeigniter4\framework\system\CodeIgniter.php(432): CodeIgniter\CodeIgniter->runController(Object(App\Controllers\User))
#15 F:\xampp\htdocs\project_bps\vendor\codeigniter4\framework\system\CodeIgniter.php(333): CodeIgniter\CodeIgniter->handleRequest(NULL, Object(Config\Cache), false)
#16 F:\xampp\htdocs\project_bps\public\index.php(44): CodeIgniter\CodeIgniter->run()
#17 F:\xampp\htdocs\project_bps\vendor\codeigniter4\framework\system\Commands\Server\rewrite.php(45): require_once('F:\\xampp\\htdocs...')
#18 {main}
CRITICAL - 2021-02-08 22:49:29 --> The original file is not a valid file.
#0 F:\xampp\htdocs\project_bps\vendor\codeigniter4\framework\system\HTTP\Files\UploadedFile.php(143): CodeIgniter\HTTP\Exceptions\HTTPException::forInvalidFile()
#1 F:\xampp\htdocs\project_bps\app\Controllers\User.php(87): CodeIgniter\HTTP\Files\UploadedFile->move('foto/', '1612846169_4555...')
#2 F:\xampp\htdocs\project_bps\vendor\codeigniter4\framework\system\CodeIgniter.php(936): App\Controllers\User->insert()
#3 F:\xampp\htdocs\project_bps\vendor\codeigniter4\framework\system\CodeIgniter.php(432): CodeIgniter\CodeIgniter->runController(Object(App\Controllers\User))
#4 F:\xampp\htdocs\project_bps\vendor\codeigniter4\framework\system\CodeIgniter.php(333): CodeIgniter\CodeIgniter->handleRequest(NULL, Object(Config\Cache), false)
#5 F:\xampp\htdocs\project_bps\public\index.php(44): CodeIgniter\CodeIgniter->run()
#6 F:\xampp\htdocs\project_bps\vendor\codeigniter4\framework\system\Commands\Server\rewrite.php(45): require_once('F:\\xampp\\htdocs...')
#7 {main}
CRITICAL - 2021-02-08 22:53:46 --> syntax error, unexpected '" class="' (T_CONSTANT_ENCAPSED_STRING), expecting ',' or ';'
#0 F:\xampp\htdocs\project_bps\vendor\codeigniter4\framework\system\View\View.php(222): CodeIgniter\View\View->CodeIgniter\View\{closure}()
#1 F:\xampp\htdocs\project_bps\vendor\codeigniter4\framework\system\Common.php(1217): CodeIgniter\View\View->render('layout/v_side', Array, true)
#2 F:\xampp\htdocs\project_bps\app\Views\layout\v_wrapper.php(4): view('layout/v_side')
#3 F:\xampp\htdocs\project_bps\vendor\codeigniter4\framework\system\View\View.php(220): include('F:\\xampp\\htdocs...')
#4 F:\xampp\htdocs\project_bps\vendor\codeigniter4\framework\system\View\View.php(222): CodeIgniter\View\View->CodeIgniter\View\{closure}()
#5 F:\xampp\htdocs\project_bps\vendor\codeigniter4\framework\system\Common.php(1217): CodeIgniter\View\View->render('layout/v_wrappe...', Array, true)
#6 F:\xampp\htdocs\project_bps\app\Controllers\User.php(21): view('layout/v_wrappe...', Array)
#7 F:\xampp\htdocs\project_bps\vendor\codeigniter4\framework\system\CodeIgniter.php(936): App\Controllers\User->index()
#8 F:\xampp\htdocs\project_bps\vendor\codeigniter4\framework\system\CodeIgniter.php(432): CodeIgniter\CodeIgniter->runController(Object(App\Controllers\User))
#9 F:\xampp\htdocs\project_bps\vendor\codeigniter4\framework\system\CodeIgniter.php(333): CodeIgniter\CodeIgniter->handleRequest(NULL, Object(Config\Cache), false)
#10 F:\xampp\htdocs\project_bps\public\index.php(44): CodeIgniter\CodeIgniter->run()
#11 F:\xampp\htdocs\project_bps\vendor\codeigniter4\framework\system\Commands\Server\rewrite.php(45): require_once('F:\\xampp\\htdocs...')
#12 {main}
CRITICAL - 2021-02-08 22:53:52 --> syntax error, unexpected '" class="' (T_CONSTANT_ENCAPSED_STRING), expecting ',' or ';'
#0 F:\xampp\htdocs\project_bps\vendor\codeigniter4\framework\system\View\View.php(222): CodeIgniter\View\View->CodeIgniter\View\{closure}()
#1 F:\xampp\htdocs\project_bps\vendor\codeigniter4\framework\system\Common.php(1217): CodeIgniter\View\View->render('layout/v_side', Array, true)
#2 F:\xampp\htdocs\project_bps\app\Views\layout\v_wrapper.php(4): view('layout/v_side')
#3 F:\xampp\htdocs\project_bps\vendor\codeigniter4\framework\system\View\View.php(220): include('F:\\xampp\\htdocs...')
#4 F:\xampp\htdocs\project_bps\vendor\codeigniter4\framework\system\View\View.php(222): CodeIgniter\View\View->CodeIgniter\View\{closure}()
#5 F:\xampp\htdocs\project_bps\vendor\codeigniter4\framework\system\Common.php(1217): CodeIgniter\View\View->render('layout/v_wrappe...', Array, true)
#6 F:\xampp\htdocs\project_bps\app\Controllers\User.php(107): view('layout/v_wrappe...', Array)
#7 F:\xampp\htdocs\project_bps\vendor\codeigniter4\framework\system\CodeIgniter.php(936): App\Controllers\User->edit('1')
#8 F:\xampp\htdocs\project_bps\vendor\codeigniter4\framework\system\CodeIgniter.php(432): CodeIgniter\CodeIgniter->runController(Object(App\Controllers\User))
#9 F:\xampp\htdocs\project_bps\vendor\codeigniter4\framework\system\CodeIgniter.php(333): CodeIgniter\CodeIgniter->handleRequest(NULL, Object(Config\Cache), false)
#10 F:\xampp\htdocs\project_bps\public\index.php(44): CodeIgniter\CodeIgniter->run()
#11 F:\xampp\htdocs\project_bps\vendor\codeigniter4\framework\system\Commands\Server\rewrite.php(45): require_once('F:\\xampp\\htdocs...')
#12 {main}
CRITICAL - 2021-02-08 22:54:00 --> syntax error, unexpected '" class="' (T_CONSTANT_ENCAPSED_STRING), expecting ',' or ';'
#0 F:\xampp\htdocs\project_bps\vendor\codeigniter4\framework\system\View\View.php(222): CodeIgniter\View\View->CodeIgniter\View\{closure}()
#1 F:\xampp\htdocs\project_bps\vendor\codeigniter4\framework\system\Common.php(1217): CodeIgniter\View\View->render('layout/v_side', Array, true)
#2 F:\xampp\htdocs\project_bps\app\Views\layout\v_wrapper.php(4): view('layout/v_side')
#3 F:\xampp\htdocs\project_bps\vendor\codeigniter4\framework\system\View\View.php(220): include('F:\\xampp\\htdocs...')
#4 F:\xampp\htdocs\project_bps\vendor\codeigniter4\framework\system\View\View.php(222): CodeIgniter\View\View->CodeIgniter\View\{closure}()
#5 F:\xampp\htdocs\project_bps\vendor\codeigniter4\framework\system\Common.php(1217): CodeIgniter\View\View->render('layout/v_wrappe...', Array, true)
#6 F:\xampp\htdocs\project_bps\app\Controllers\Home.php(21): view('layout/v_wrappe...', Array)
#7 F:\xampp\htdocs\project_bps\vendor\codeigniter4\framework\system\CodeIgniter.php(936): App\Controllers\Home->index()
#8 F:\xampp\htdocs\project_bps\vendor\codeigniter4\framework\system\CodeIgniter.php(432): CodeIgniter\CodeIgniter->runController(Object(App\Controllers\Home))
#9 F:\xampp\htdocs\project_bps\vendor\codeigniter4\framework\system\CodeIgniter.php(333): CodeIgniter\CodeIgniter->handleRequest(NULL, Object(Config\Cache), false)
#10 F:\xampp\htdocs\project_bps\public\index.php(44): CodeIgniter\CodeIgniter->run()
#11 F:\xampp\htdocs\project_bps\vendor\codeigniter4\framework\system\Commands\Server\rewrite.php(45): require_once('F:\\xampp\\htdocs...')
#12 {main}
